mode: set
github.com/ibadi-id/gostart/middleware.go:10.44,21.2 3 1
github.com/ibadi-id/gostart/middleware.go:24.49,26.2 1 1
github.com/ibadi-id/gostart/router.go:18.48,42.2 11 1
github.com/ibadi-id/gostart/router.go:46.66,47.38 1 1
github.com/ibadi-id/gostart/router.go:51.2,51.45 1 1
github.com/ibadi-id/gostart/router.go:55.2,57.59 2 1
github.com/ibadi-id/gostart/router.go:47.38,48.58 1 0
github.com/ibadi-id/gostart/router.go:51.45,54.3 2 1
github.com/ibadi-id/gostart/router.go:57.59,62.3 4 0
github.com/ibadi-id/gostart/main.go:23.13,27.16 2 0
github.com/ibadi-id/gostart/main.go:31.2,40.16 4 0
github.com/ibadi-id/gostart/main.go:27.16,29.3 1 0
github.com/ibadi-id/gostart/main.go:43.18,58.15 9 1
github.com/ibadi-id/gostart/main.go:64.2,72.12 6 1
github.com/ibadi-id/gostart/main.go:58.15,61.3 2 0
